<?xml version="1.0" encoding="UTF-8"?>
<!-- Generated by org.testng.reporters.JUnitReportReporter -->
<testsuite hostname="DESKTOP-JJLHAVM" name="com.selenium.rediff.landingpage.RediffLandingPageValidation" tests="1" failures="0" timestamp="8 Mar 2020 04:36:24 GMT" time="12.625" errors="0">
  <testcase name="LoginPage" time="12.625" classname="com.selenium.rediff.landingpage.RediffLandingPageValidation"/>
</testsuite> <!-- com.selenium.rediff.landingpage.RediffLandingPageValidation -->
